> Task :compileJava UP-TO-DATE
> Task :processResources UP-TO-DATE
> Task :classes UP-TO-DATE
> Task :resolveMainClassName

> Task :bootRun

  .   ____          _            __ _ _
 /\\ / ___'_ __ _ _(_)_ __  __ _ \ \ \ \
( ( )\___ | '_ | '_| | '_ \/ _` | \ \ \ \
 \\/  ___)| |_)| | | | | || (_| |  ) ) ) )
  '  |____| .__|_| |_|_| |_\__, | / / / /
 =========|_|==============|___/=/_/_/_/

 :: Spring Boot ::                (v3.5.9)

2026-01-16T14:29:42.581+09:00  INFO 11260 --- [home-repair] [           main] c.l.home_repair.HomeRepairApplication    : Starting HomeRepairApplication using Java 17.0.17 with PID 11260 (C:\Development\Owner\home-repair\build\classes\java\main started by tlsgu in C:\Development\Owner\home-repair)
2026-01-16T14:29:42.585+09:00  INFO 11260 --- [home-repair] [           main] c.l.home_repair.HomeRepairApplication    : No active profile set, falling back to 1 default profile: "default"
2026-01-16T14:29:43.144+09:00  INFO 11260 --- [home-repair] [           main] .s.d.r.c.RepositoryConfigurationDelegate : Bootstrapping Spring Data JPA repositories in DEFAULT mode.
2026-01-16T14:29:43.197+09:00  INFO 11260 --- [home-repair] [           main] .s.d.r.c.RepositoryConfigurationDelegate : Finished Spring Data repository scanning in 46 ms. Found 2 JPA repository interfaces.
2026-01-16T14:29:43.647+09:00  INFO 11260 --- [home-repair] [           main] o.s.b.w.embedded.tomcat.TomcatWebServer  : Tomcat initialized with port 8081 (http)
2026-01-16T14:29:43.660+09:00  INFO 11260 --- [home-repair] [           main] o.apache.catalina.core.StandardService   : Starting service [Tomcat]
2026-01-16T14:29:43.660+09:00  INFO 11260 --- [home-repair] [           main] o.apache.catalina.core.StandardEngine    : Starting Servlet engine: [Apache Tomcat/10.1.50]
2026-01-16T14:29:43.718+09:00  INFO 11260 --- [home-repair] [           main] o.a.c.c.C.[Tomcat].[localhost].[/]       : Initializing Spring embedded WebApplicationContext
2026-01-16T14:29:43.720+09:00  INFO 11260 --- [home-repair] [           main] w.s.c.ServletWebServerApplicationContext : Root WebApplicationContext: initialization completed in 1098 ms
2026-01-16T14:29:43.869+09:00  INFO 11260 --- [home-repair] [           main] o.hibernate.jpa.internal.util.LogHelper  : HHH000204: Processing PersistenceUnitInfo [name: default]
2026-01-16T14:29:43.921+09:00  INFO 11260 --- [home-repair] [           main] org.hibernate.Version                    : HHH000412: Hibernate ORM core version 6.6.39.Final
2026-01-16T14:29:43.953+09:00  INFO 11260 --- [home-repair] [           main] o.h.c.internal.RegionFactoryInitiator    : HHH000026: Second-level cache disabled
2026-01-16T14:29:44.237+09:00  INFO 11260 --- [home-repair] [           main] o.s.o.j.p.SpringPersistenceUnitInfo      : No LoadTimeWeaver setup: ignoring JPA class transformer
2026-01-16T14:29:44.269+09:00  INFO 11260 --- [home-repair] [           main] com.zaxxer.hikari.HikariDataSource       : HikariPool-1 - Starting...
2026-01-16T14:29:44.460+09:00  INFO 11260 --- [home-repair] [           main] com.zaxxer.hikari.pool.HikariPool        : HikariPool-1 - Added connection conn0: url=jdbc:h2:mem:testdb user=SA
2026-01-16T14:29:44.461+09:00  INFO 11260 --- [home-repair] [           main] com.zaxxer.hikari.HikariDataSource       : HikariPool-1 - Start completed.
2026-01-16T14:29:44.485+09:00  WARN 11260 --- [home-repair] [           main] org.hibernate.orm.deprecation            : HHH90000025: H2Dialect does not need to be specified explicitly using 'hibernate.dialect' (remove the property setting and it will be selected by default)
2026-01-16T14:29:44.508+09:00  INFO 11260 --- [home-repair] [           main] org.hibernate.orm.connections.pooling    : HHH10001005: Database info:
	Database JDBC URL [Connecting through datasource 'HikariDataSource (HikariPool-1)']
	Database driver: undefined/unknown
	Database version: 2.3.232
	Autocommit mode: undefined/unknown
	Isolation level: undefined/unknown
	Minimum pool size: undefined/unknown
	Maximum pool size: undefined/unknown
2026-01-16T14:29:45.329+09:00  INFO 11260 --- [home-repair] [           main] o.h.e.t.j.p.i.JtaPlatformInitiator       : HHH000489: No JTA platform available (set 'hibernate.transaction.jta.platform' to enable JTA platform integration)
2026-01-16T14:29:45.400+09:00  INFO 11260 --- [home-repair] [           main] j.LocalContainerEntityManagerFactoryBean : Initialized JPA EntityManagerFactory for persistence unit 'default'
2026-01-16T14:29:45.537+09:00  INFO 11260 --- [home-repair] [           main] c.l.h.service.VerdictEngineService       : VerdictEngine Data Loaded Successfully.
2026-01-16T14:29:45.717+09:00  WARN 11260 --- [home-repair] [           main] JpaBaseConfiguration$JpaWebConfiguration : spring.jpa.open-in-view is enabled by default. Therefore, database queries may be performed during view rendering. Explicitly configure spring.jpa.open-in-view to disable this warning
2026-01-16T14:29:45.793+09:00 DEBUG 11260 --- [home-repair] [           main] s.w.s.m.m.a.RequestMappingHandlerMapping : 9 mappings in 'requestMappingHandlerMapping'
2026-01-16T14:29:45.831+09:00 DEBUG 11260 --- [home-repair] [           main] o.s.w.s.handler.SimpleUrlHandlerMapping  : Patterns [/webjars/**, /**] in 'resourceHandlerMapping'
2026-01-16T14:29:45.853+09:00 DEBUG 11260 --- [home-repair] [           main] s.w.s.m.m.a.RequestMappingHandlerAdapter : ControllerAdvice beans: 0 @ModelAttribute, 0 @InitBinder, 1 RequestBodyAdvice, 1 ResponseBodyAdvice
2026-01-16T14:29:45.910+09:00 DEBUG 11260 --- [home-repair] [           main] .m.m.a.ExceptionHandlerExceptionResolver : ControllerAdvice beans: 1 @ExceptionHandler, 1 ResponseBodyAdvice
2026-01-16T14:29:45.993+09:00  WARN 11260 --- [home-repair] [           main] ConfigServletWebServerApplicationContext : Exception encountered during context initialization - cancelling refresh attempt: org.springframework.context.ApplicationContextException: Failed to start bean 'webServerStartStop'
2026-01-16T14:29:45.994+09:00  INFO 11260 --- [home-repair] [           main] j.LocalContainerEntityManagerFactoryBean : Closing JPA EntityManagerFactory for persistence unit 'default'
2026-01-16T14:29:45.996+09:00  INFO 11260 --- [home-repair] [           main] com.zaxxer.hikari.HikariDataSource       : HikariPool-1 - Shutdown initiated...
2026-01-16T14:29:45.997+09:00  INFO 11260 --- [home-repair] [           main] com.zaxxer.hikari.HikariDataSource       : HikariPool-1 - Shutdown completed.
2026-01-16T14:29:46.010+09:00  INFO 11260 --- [home-repair] [           main] .s.b.a.l.ConditionEvaluationReportLogger : 

Error starting ApplicationContext. To display the condition evaluation report re-run your application with 'debug' enabled.
2026-01-16T14:29:46.027+09:00 ERROR 11260 --- [home-repair] [           main] o.s.b.d.LoggingFailureAnalysisReporter   : 

***************************
APPLICATION FAILED TO START
***************************

Description:

Web server failed to start. Port 8081 was already in use.

Action:

Identify and stop the process that's listening on port 8081 or configure this application to listen on another port.


> Task :bootRun FAILED

[Incubating] Problems report is available at: file:///C:/Development/Owner/home-repair/build/reports/problems/problems-report.html

FAILURE: Build failed with an exception.

* What went wrong:
Execution failed for task ':bootRun'.
> Process 'command 'C:\Users\tlsgu\.gradle\jdks\eclipse_adoptium-17-amd64-windows.2\bin\java.exe'' finished with non-zero exit value 1

* Try:
> Run with --stacktrace option to get the stack trace.
> Run with --info or --debug option to get more log output.
> Run with --scan to get full insights.
> Get more help at https://help.gradle.org.

Deprecated Gradle features were used in this build, making it incompatible with Gradle 9.0.

You can use '--warning-mode all' to show the individual deprecation warnings and determine if they come from your own scripts or plugins.

For more on this, please refer to https://docs.gradle.org/8.14.3/userguide/command_line_interface.html#sec:command_line_warnings in the Gradle documentation.

BUILD FAILED in 5s
4 actionable tasks: 2 executed, 2 up-to-date
