2026-02-06T00:04:28.688+09:00  INFO 9744 --- [home-repair] [http-nio-8080-exec-3] c.l.h.service.VerdictEngineService       : SAFETY_FLIP Eligibility | era=1500 metro=10000 eligible=false missing=[criticalRisks for era 1500, metro localization data for 10000]
2026-02-06T00:04:28.721+09:00  WARN 9744 --- [home-repair] [http-nio-8080-exec-3] c.l.h.service.VerdictEngineService       : INSUFFICIENT_DATA verdict | era=1500 metro=10000 allMissing=[criticalRisks for era 1500, metro localization data for 10000]
2026-02-06T00:04:29.208+09:00 DEBUG 9744 --- [home-repair] [http-nio-8080-exec-4] c.l.h.web.HomeRepairController           : Loading result for ID: bc86d2d2-4a6f-46bc-8d86-ee07973bef3d
2026-02-06T00:04:29.210+09:00  INFO 9744 --- [home-repair] [http-nio-8080-exec-4] c.l.h.service.VerdictEngineService       : SAFETY_FLIP Eligibility | era=1500 metro=10000 eligible=false missing=[criticalRisks for era 1500, metro localization data for 10000]
2026-02-06T00:04:29.211+09:00  WARN 9744 --- [home-repair] [http-nio-8080-exec-4] c.l.h.service.VerdictEngineService       : INSUFFICIENT_DATA verdict | era=1500 metro=10000 allMissing=[criticalRisks for era 1500, metro localization data for 10000]
2026-02-06T00:05:56.755+09:00  INFO 9744 --- [home-repair] [http-nio-8080-exec-10] c.l.h.service.VerdictEngineService       : SAFETY_FLIP Eligibility | era=2000 metro=50000 eligible=false missing=[criticalRisks for era 2000, metro localization data for 50000]
2026-02-06T00:05:56.756+09:00  WARN 9744 --- [home-repair] [http-nio-8080-exec-10] c.l.h.service.VerdictEngineService       : INSUFFICIENT_DATA verdict | era=2000 metro=50000 allMissing=[metro localization data for 50000, criticalRisks for era 2000]
2026-02-06T00:05:56.772+09:00 DEBUG 9744 --- [home-repair] [http-nio-8080-exec-1] c.l.h.web.HomeRepairController           : Loading result for ID: e4be76a8-65fa-4a2f-92b4-5d44727e4739
2026-02-06T00:05:56.772+09:00  INFO 9744 --- [home-repair] [http-nio-8080-exec-1] c.l.h.service.VerdictEngineService       : SAFETY_FLIP Eligibility | era=2000 metro=50000 eligible=false missing=[criticalRisks for era 2000, metro localization data for 50000]
2026-02-06T00:05:56.773+09:00  WARN 9744 --- [home-repair] [http-nio-8080-exec-1] c.l.h.service.VerdictEngineService       : INSUFFICIENT_DATA verdict | era=2000 metro=50000 allMissing=[metro localization data for 50000, criticalRisks for era 2000]
2026-02-06T00:07:42.265+09:00  INFO 9744 --- [home-repair] [http-nio-8080-exec-7] c.l.h.service.VerdictEngineService       : SAFETY_FLIP Eligibility | era=2000 metro=50000 eligible=false missing=[criticalRisks for era 2000, metro localization data for 50000]
2026-02-06T00:07:42.266+09:00  WARN 9744 --- [home-repair] [http-nio-8080-exec-7] c.l.h.service.VerdictEngineService       : INSUFFICIENT_DATA verdict | era=2000 metro=50000 allMissing=[metro localization data for 50000, criticalRisks for era 2000]
2026-02-06T00:07:42.300+09:00 DEBUG 9744 --- [home-repair] [http-nio-8080-exec-8] c.l.h.web.HomeRepairController           : Loading result for ID: 0f6019dd-a7fb-4551-a1b9-0e6f117afae1
2026-02-06T00:07:42.301+09:00  INFO 9744 --- [home-repair] [http-nio-8080-exec-8] c.l.h.service.VerdictEngineService       : SAFETY_FLIP Eligibility | era=2000 metro=50000 eligible=false missing=[criticalRisks for era 2000, metro localization data for 50000]
2026-02-06T00:07:42.302+09:00  WARN 9744 --- [home-repair] [http-nio-8080-exec-8] c.l.h.service.VerdictEngineService       : INSUFFICIENT_DATA verdict | era=2000 metro=50000 allMissing=[metro localization data for 50000, criticalRisks for era 2000]
2026-02-06T00:09:28.359+09:00  INFO 9744 --- [home-repair] [http-nio-8080-exec-8] c.l.h.service.VerdictEngineService       : SAFETY_FLIP Eligibility | era=PRE_1950 metro=ABILENE_TX eligible=true missing=[]
2026-02-06T00:09:28.361+09:00  INFO 9744 --- [home-repair] [http-nio-8080-exec-8] c.l.h.service.VerdictEngineService       : Strategy Selected | chosen=SAFETY_FLIP era=PRE_1950 metro=ABILENE_TX relationship=BUYING
2026-02-06T00:09:28.410+09:00 DEBUG 9744 --- [home-repair] [http-nio-8080-exec-6] c.l.h.web.HomeRepairController           : Loading result for ID: f9230ac5-3e14-4a19-bc20-f5d2afe41653
2026-02-06T00:09:28.410+09:00  INFO 9744 --- [home-repair] [http-nio-8080-exec-6] c.l.h.service.VerdictEngineService       : SAFETY_FLIP Eligibility | era=PRE_1950 metro=ABILENE_TX eligible=true missing=[]
2026-02-06T00:09:28.411+09:00  INFO 9744 --- [home-repair] [http-nio-8080-exec-6] c.l.h.service.VerdictEngineService       : Strategy Selected | chosen=SAFETY_FLIP era=PRE_1950 metro=ABILENE_TX relationship=BUYING
2026-02-06T00:13:04.090+09:00  INFO 9744 --- [home-repair] [http-nio-8080-exec-4] c.l.h.service.VerdictEngineService       : SAFETY_FLIP Eligibility | era=1970_1980 metro=BAKERSFIELD_CA eligible=true missing=[]
2026-02-06T00:13:04.092+09:00  INFO 9744 --- [home-repair] [http-nio-8080-exec-4] c.l.h.service.VerdictEngineService       : Strategy Selected | chosen=SAFETY_FLIP era=1970_1980 metro=BAKERSFIELD_CA relationship=BUYING
2026-02-06T00:13:04.106+09:00 DEBUG 9744 --- [home-repair] [http-nio-8080-exec-5] c.l.h.web.HomeRepairController           : Loading result for ID: 5c9d542b-2a7a-4cbc-b628-fb9c5c247361
2026-02-06T00:13:04.107+09:00  INFO 9744 --- [home-repair] [http-nio-8080-exec-5] c.l.h.service.VerdictEngineService       : SAFETY_FLIP Eligibility | era=1970_1980 metro=BAKERSFIELD_CA eligible=true missing=[]
2026-02-06T00:13:04.108+09:00  INFO 9744 --- [home-repair] [http-nio-8080-exec-5] c.l.h.service.VerdictEngineService       : Strategy Selected | chosen=SAFETY_FLIP era=1970_1980 metro=BAKERSFIELD_CA relationship=BUYING
2026-02-06T00:14:26.949+09:00  INFO 1428 --- [home-repair] [main] c.l.home_repair.HomeRepairApplication    : Starting HomeRepairApplication using Java 21.0.9 with PID 1428 (C:\Development\Owner\home-repair\build\classes\java\main started by tlsgu in C:\Development\Owner\home-repair)
2026-02-06T00:14:26.953+09:00 DEBUG 1428 --- [home-repair] [main] c.l.home_repair.HomeRepairApplication    : Running with Spring Boot v3.5.9, Spring v6.2.15
2026-02-06T00:14:26.955+09:00  INFO 1428 --- [home-repair] [main] c.l.home_repair.HomeRepairApplication    : No active profile set, falling back to 1 default profile: "default"
2026-02-06T00:14:28.442+09:00  INFO 1428 --- [home-repair] [main] .s.d.r.c.RepositoryConfigurationDelegate : Bootstrapping Spring Data JPA repositories in DEFAULT mode.
2026-02-06T00:14:28.548+09:00  INFO 1428 --- [home-repair] [main] .s.d.r.c.RepositoryConfigurationDelegate : Finished Spring Data repository scanning in 90 ms. Found 2 JPA repository interfaces.
2026-02-06T00:14:29.543+09:00  INFO 1428 --- [home-repair] [main] o.s.b.w.embedded.tomcat.TomcatWebServer  : Tomcat initialized with port 8080 (http)
2026-02-06T00:14:29.569+09:00  INFO 1428 --- [home-repair] [main] o.apache.catalina.core.StandardService   : Starting service [Tomcat]
2026-02-06T00:14:29.569+09:00  INFO 1428 --- [home-repair] [main] o.apache.catalina.core.StandardEngine    : Starting Servlet engine: [Apache Tomcat/10.1.50]
2026-02-06T00:14:29.676+09:00  INFO 1428 --- [home-repair] [main] o.a.c.c.C.[Tomcat].[localhost].[/]       : Initializing Spring embedded WebApplicationContext
2026-02-06T00:14:29.677+09:00  INFO 1428 --- [home-repair] [main] w.s.c.ServletWebServerApplicationContext : Root WebApplicationContext: initialization completed in 2621 ms
2026-02-06T00:14:29.996+09:00  INFO 1428 --- [home-repair] [main] o.hibernate.jpa.internal.util.LogHelper  : HHH000204: Processing PersistenceUnitInfo [name: default]
2026-02-06T00:14:30.104+09:00  INFO 1428 --- [home-repair] [main] org.hibernate.Version                    : HHH000412: Hibernate ORM core version 6.6.39.Final
2026-02-06T00:14:30.175+09:00  INFO 1428 --- [home-repair] [main] o.h.c.internal.RegionFactoryInitiator    : HHH000026: Second-level cache disabled
2026-02-06T00:14:30.724+09:00  INFO 1428 --- [home-repair] [main] o.s.o.j.p.SpringPersistenceUnitInfo      : No LoadTimeWeaver setup: ignoring JPA class transformer
2026-02-06T00:14:30.804+09:00  INFO 1428 --- [home-repair] [main] com.zaxxer.hikari.HikariDataSource       : HikariPool-1 - Starting...
2026-02-06T00:14:31.164+09:00  INFO 1428 --- [home-repair] [main] com.zaxxer.hikari.pool.HikariPool        : HikariPool-1 - Added connection conn0: url=jdbc:h2:mem:testdb user=SA
2026-02-06T00:14:31.168+09:00  INFO 1428 --- [home-repair] [main] com.zaxxer.hikari.HikariDataSource       : HikariPool-1 - Start completed.
2026-02-06T00:14:31.225+09:00  WARN 1428 --- [home-repair] [main] org.hibernate.orm.deprecation            : HHH90000025: H2Dialect does not need to be specified explicitly using 'hibernate.dialect' (remove the property setting and it will be selected by default)
2026-02-06T00:14:31.254+09:00  INFO 1428 --- [home-repair] [main] org.hibernate.orm.connections.pooling    : HHH10001005: Database info:
	Database JDBC URL [Connecting through datasource 'HikariDataSource (HikariPool-1)']
	Database driver: undefined/unknown
	Database version: 2.3.232
	Autocommit mode: undefined/unknown
	Isolation level: undefined/unknown
	Minimum pool size: undefined/unknown
	Maximum pool size: undefined/unknown
2026-02-06T00:14:33.129+09:00  INFO 1428 --- [home-repair] [main] o.h.e.t.j.p.i.JtaPlatformInitiator       : HHH000489: No JTA platform available (set 'hibernate.transaction.jta.platform' to enable JTA platform integration)
2026-02-06T00:14:33.226+09:00  INFO 1428 --- [home-repair] [main] j.LocalContainerEntityManagerFactoryBean : Initialized JPA EntityManagerFactory for persistence unit 'default'
2026-02-06T00:14:33.496+09:00  INFO 1428 --- [home-repair] [main] c.l.h.service.VerdictEngineService       : VerdictEngine Data Loaded Successfully.
2026-02-06T00:14:34.242+09:00  INFO 1428 --- [home-repair] [main] o.s.b.a.h2.H2ConsoleAutoConfiguration    : H2 console available at '/h2-console'. Database available at 'jdbc:h2:mem:testdb'
2026-02-06T00:14:34.363+09:00  INFO 1428 --- [home-repair] [main] o.s.b.w.embedded.tomcat.TomcatWebServer  : Tomcat started on port 8080 (http) with context path '/'
2026-02-06T00:14:34.371+09:00  INFO 1428 --- [home-repair] [main] c.l.home_repair.HomeRepairApplication    : Started HomeRepairApplication in 8.27 seconds (process running for 9.073)
2026-02-06T00:14:35.387+09:00  INFO 1428 --- [home-repair] [http-nio-8080-exec-1] o.a.c.c.C.[Tomcat].[localhost].[/]       : Initializing Spring DispatcherServlet 'dispatcherServlet'
2026-02-06T00:14:35.387+09:00  INFO 1428 --- [home-repair] [http-nio-8080-exec-1] o.s.web.servlet.DispatcherServlet        : Initializing Servlet 'dispatcherServlet'
2026-02-06T00:14:35.389+09:00  INFO 1428 --- [home-repair] [http-nio-8080-exec-1] o.s.web.servlet.DispatcherServlet        : Completed initialization in 2 ms
2026-02-06T00:17:46.545+09:00  INFO 1428 --- [home-repair] [http-nio-8080-exec-9] c.l.h.service.VerdictEngineService       : SAFETY_FLIP Eligibility | era=1995_2010 metro=BATON_ROUGE_LA eligible=true missing=[]
2026-02-06T00:17:46.547+09:00  INFO 1428 --- [home-repair] [http-nio-8080-exec-9] c.l.h.service.VerdictEngineService       : Strategy Selected | chosen=SAFETY_FLIP era=1995_2010 metro=BATON_ROUGE_LA relationship=BUYING
2026-02-06T00:17:46.737+09:00 DEBUG 1428 --- [home-repair] [http-nio-8080-exec-10] c.l.h.web.HomeRepairController           : Loading result for ID: a990c4e2-9233-42fb-983b-8a2ed289fe4c
2026-02-06T00:17:46.737+09:00  INFO 1428 --- [home-repair] [http-nio-8080-exec-10] c.l.h.service.VerdictEngineService       : SAFETY_FLIP Eligibility | era=1995_2010 metro=BATON_ROUGE_LA eligible=true missing=[]
2026-02-06T00:17:46.737+09:00  INFO 1428 --- [home-repair] [http-nio-8080-exec-10] c.l.h.service.VerdictEngineService       : Strategy Selected | chosen=SAFETY_FLIP era=1995_2010 metro=BATON_ROUGE_LA relationship=BUYING
2026-02-06T00:38:09.300+09:00  INFO 1428 --- [home-repair] [http-nio-8080-exec-5] c.l.h.service.VerdictEngineService       : SAFETY_FLIP Eligibility | era=PRE_1950 metro=ABILENE_TX eligible=true missing=[]
2026-02-06T00:38:09.301+09:00  INFO 1428 --- [home-repair] [http-nio-8080-exec-5] c.l.h.service.VerdictEngineService       : Strategy Selected | chosen=SAFETY_FLIP era=PRE_1950 metro=ABILENE_TX relationship=BUYING
2026-02-06T00:38:09.333+09:00 DEBUG 1428 --- [home-repair] [http-nio-8080-exec-7] c.l.h.web.HomeRepairController           : Loading result for ID: d65a9627-ace7-4418-ae8c-21e81dd8aa45
2026-02-06T00:38:09.334+09:00  INFO 1428 --- [home-repair] [http-nio-8080-exec-7] c.l.h.service.VerdictEngineService       : SAFETY_FLIP Eligibility | era=PRE_1950 metro=ABILENE_TX eligible=true missing=[]
2026-02-06T00:38:09.334+09:00  INFO 1428 --- [home-repair] [http-nio-8080-exec-7] c.l.h.service.VerdictEngineService       : Strategy Selected | chosen=SAFETY_FLIP era=PRE_1950 metro=ABILENE_TX relationship=BUYING
2026-02-06T00:38:10.738+09:00 ERROR 1428 --- [home-repair] [http-nio-8080-exec-7] o.a.c.c.C.[.[.[/].[dispatcherServlet]    : Servlet.service() for servlet [dispatcherServlet] in context with path [] threw exception [Request processing failed: gg.jte.TemplateException: Failed to compile template, error at pages/result.jte:282
C:\Development\Owner\home-repair\jte-classes\gg\jte\generated\ondemand\pages\JteresultGenerated.java:210: error: cannot find symbol
				if (verdict.getComparisonData() != null && verdict.getComparisonData().getCostDelta() > 0) {
				           ^
  symbol:   method getComparisonData()
  location: variable verdict of type Verdict
C:\Development\Owner\home-repair\jte-classes\gg\jte\generated\ondemand\pages\JteresultGenerated.java:210: error: cannot find symbol
				if (verdict.getComparisonData() != null && verdict.getComparisonData().getCostDelta() > 0) {
				                                                  ^
  symbol:   method getComparisonData()
  location: variable verdict of type Verdict
C:\Development\Owner\home-repair\jte-classes\gg\jte\generated\ondemand\pages\JteresultGenerated.java:213: error: cannot find symbol
					jteOutput.writeUserContent(String.format("%.0f", verdict.getComparisonData().getDeltaPercentage()));
					                                                        ^
  symbol:   method getComparisonData()
  location: variable verdict of type Verdict
C:\Development\Owner\home-repair\jte-classes\gg\jte\generated\ondemand\pages\JteresultGenerated.java:219: error: cannot find symbol
					jteOutput.writeUserContent(String.format("%,.0f", verdict.getComparisonData().getCostDelta()));
					                                                         ^
  symbol:   method getComparisonData()
  location: variable verdict of type Verdict
C:\Development\Owner\home-repair\jte-classes\gg\jte\generated\ondemand\pages\JteresultGenerated.java:222: error: cannot find symbol
					jteOutput.writeUserContent(String.format("%,.0f", verdict.getComparisonData().getModernBenchmarkCost()));
					                                                         ^
  symbol:   method getComparisonData()
  location: variable verdict of type Verdict
C:\Development\Owner\home-repair\jte-classes\gg\jte\generated\ondemand\pages\JteresultGenerated.java:229: error: cannot find symbol
					jteOutput.writeUserContent(Math.min(100, verdict.getComparisonData().getDeltaPercentage()));
					                                                ^
  symbol:   method getComparisonData()
  location: variable verdict of type Verdict
6 errors
] with root cause

gg.jte.TemplateException: Failed to compile template, error at pages/result.jte:282
C:\Development\Owner\home-repair\jte-classes\gg\jte\generated\ondemand\pages\JteresultGenerated.java:210: error: cannot find symbol
				if (verdict.getComparisonData() != null && verdict.getComparisonData().getCostDelta() > 0) {
				           ^
  symbol:   method getComparisonData()
  location: variable verdict of type Verdict
C:\Development\Owner\home-repair\jte-classes\gg\jte\generated\ondemand\pages\JteresultGenerated.java:210: error: cannot find symbol
				if (verdict.getComparisonData() != null && verdict.getComparisonData().getCostDelta() > 0) {
				                                                  ^
  symbol:   method getComparisonData()
  location: variable verdict of type Verdict
C:\Development\Owner\home-repair\jte-classes\gg\jte\generated\ondemand\pages\JteresultGenerated.java:213: error: cannot find symbol
					jteOutput.writeUserContent(String.format("%.0f", verdict.getComparisonData().getDeltaPercentage()));
					                                                        ^
  symbol:   method getComparisonData()
  location: variable verdict of type Verdict
C:\Development\Owner\home-repair\jte-classes\gg\jte\generated\ondemand\pages\JteresultGenerated.java:219: error: cannot find symbol
					jteOutput.writeUserContent(String.format("%,.0f", verdict.getComparisonData().getCostDelta()));
					                                                         ^
  symbol:   method getComparisonData()
  location: variable verdict of type Verdict
C:\Development\Owner\home-repair\jte-classes\gg\jte\generated\ondemand\pages\JteresultGenerated.java:222: error: cannot find symbol
					jteOutput.writeUserContent(String.format("%,.0f", verdict.getComparisonData().getModernBenchmarkCost()));
					                                                         ^
  symbol:   method getComparisonData()
  location: variable verdict of type Verdict
C:\Development\Owner\home-repair\jte-classes\gg\jte\generated\ondemand\pages\JteresultGenerated.java:229: error: cannot find symbol
					jteOutput.writeUserContent(Math.min(100, verdict.getComparisonData().getDeltaPercentage()));
					                                                ^
  symbol:   method getComparisonData()
  location: variable verdict of type Verdict
6 errors

	at gg.jte.compiler.java.JavaClassCompiler.runCompiler(JavaClassCompiler.java:49) ~[jte-3.1.12.jar:na]
	at gg.jte.compiler.java.JavaClassCompiler.compile(JavaClassCompiler.java:38) ~[jte-3.1.12.jar:na]
	at gg.jte.compiler.TemplateCompiler.precompileClasses(TemplateCompiler.java:114) ~[jte-3.1.12.jar:na]
	at gg.jte.compiler.TemplateCompiler.hotReload(TemplateCompiler.java:60) ~[jte-3.1.12.jar:na]
	at gg.jte.TemplateEngine.lambda$resolveTemplateOnDemand$0(TemplateEngine.java:356) ~[jte-runtime-3.1.12.jar:na]
	at java.base/java.util.concurrent.ConcurrentHashMap.compute(ConcurrentHashMap.java:1940) ~[na:na]
	at gg.jte.TemplateEngine.resolveTemplateOnDemand(TemplateEngine.java:347) ~[jte-runtime-3.1.12.jar:na]
	at gg.jte.TemplateEngine.resolveTemplate(TemplateEngine.java:337) ~[jte-runtime-3.1.12.jar:na]
	at gg.jte.TemplateEngine.render(TemplateEngine.java:228) ~[jte-runtime-3.1.12.jar:na]
	at gg.jte.springframework.boot.autoconfigure.JteView.renderMergedTemplateModel(JteView.java:31) ~[jte-spring-boot-starter-3-3.1.12.jar:na]
	at org.springframework.web.servlet.view.AbstractTemplateView.renderMergedOutputModel(AbstractTemplateView.java:181) ~[spring-webmvc-6.2.15.jar:6.2.15]
	at org.springframework.web.servlet.view.AbstractView.render(AbstractView.java:314) ~[spring-webmvc-6.2.15.jar:6.2.15]
	at org.springframework.web.servlet.DispatcherServlet.render(DispatcherServlet.java:1438) ~[spring-webmvc-6.2.15.jar:6.2.15]
	at org.springframework.web.servlet.DispatcherServlet.processDispatchResult(DispatcherServlet.java:1168) ~[spring-webmvc-6.2.15.jar:6.2.15]
	at org.springframework.web.servlet.DispatcherServlet.doDispatch(DispatcherServlet.java:1106) ~[spring-webmvc-6.2.15.jar:6.2.15]
	at org.springframework.web.servlet.DispatcherServlet.doService(DispatcherServlet.java:979) ~[spring-webmvc-6.2.15.jar:6.2.15]
	at org.springframework.web.servlet.FrameworkServlet.processRequest(FrameworkServlet.java:1014) ~[spring-webmvc-6.2.15.jar:6.2.15]
	at org.springframework.web.servlet.FrameworkServlet.doGet(FrameworkServlet.java:903) ~[spring-webmvc-6.2.15.jar:6.2.15]
	at jakarta.servlet.http.HttpServlet.service(HttpServlet.java:564) ~[tomcat-embed-core-10.1.50.jar:6.0]
	at org.springframework.web.servlet.FrameworkServlet.service(FrameworkServlet.java:885) ~[spring-webmvc-6.2.15.jar:6.2.15]
	at jakarta.servlet.http.HttpServlet.service(HttpServlet.java:658) ~[tomcat-embed-core-10.1.50.jar:6.0]
	at org.apache.catalina.core.ApplicationFilterChain.internalDoFilter(ApplicationFilterChain.java:193) ~[tomcat-embed-core-10.1.50.jar:10.1.50]
	at org.apache.catalina.core.ApplicationFilterChain.doFilter(ApplicationFilterChain.java:138) ~[tomcat-embed-core-10.1.50.jar:10.1.50]
	at org.apache.tomcat.websocket.server.WsFilter.doFilter(WsFilter.java:51) ~[tomcat-embed-websocket-10.1.50.jar:10.1.50]
	at org.apache.catalina.core.ApplicationFilterChain.internalDoFilter(ApplicationFilterChain.java:162) ~[tomcat-embed-core-10.1.50.jar:10.1.50]
	at org.apache.catalina.core.ApplicationFilterChain.doFilter(ApplicationFilterChain.java:138) ~[tomcat-embed-core-10.1.50.jar:10.1.50]
	at org.springframework.web.filter.RequestContextFilter.doFilterInternal(RequestContextFilter.java:100) ~[spring-web-6.2.15.jar:6.2.15]
	at org.springframework.web.filter.OncePerRequestFilter.doFilter(OncePerRequestFilter.java:116) ~[spring-web-6.2.15.jar:6.2.15]
	at org.apache.catalina.core.ApplicationFilterChain.internalDoFilter(ApplicationFilterChain.java:162) ~[tomcat-embed-core-10.1.50.jar:10.1.50]
	at org.apache.catalina.core.ApplicationFilterChain.doFilter(ApplicationFilterChain.java:138) ~[tomcat-embed-core-10.1.50.jar:10.1.50]
	at org.springframework.web.filter.FormContentFilter.doFilterInternal(FormContentFilter.java:93) ~[spring-web-6.2.15.jar:6.2.15]
	at org.springframework.web.filter.OncePerRequestFilter.doFilter(OncePerRequestFilter.java:116) ~[spring-web-6.2.15.jar:6.2.15]
	at org.apache.catalina.core.ApplicationFilterChain.internalDoFilter(ApplicationFilterChain.java:162) ~[tomcat-embed-core-10.1.50.jar:10.1.50]
	at org.apache.catalina.core.ApplicationFilterChain.doFilter(ApplicationFilterChain.java:138) ~[tomcat-embed-core-10.1.50.jar:10.1.50]
	at org.springframework.web.filter.CharacterEncodingFilter.doFilterInternal(CharacterEncodingFilter.java:201) ~[spring-web-6.2.15.jar:6.2.15]
	at org.springframework.web.filter.OncePerRequestFilter.doFilter(OncePerRequestFilter.java:116) ~[spring-web-6.2.15.jar:6.2.15]
	at org.apache.catalina.core.ApplicationFilterChain.internalDoFilter(ApplicationFilterChain.java:162) ~[tomcat-embed-core-10.1.50.jar:10.1.50]
	at org.apache.catalina.core.ApplicationFilterChain.doFilter(ApplicationFilterChain.java:138) ~[tomcat-embed-core-10.1.50.jar:10.1.50]
	at org.apache.catalina.core.StandardWrapperValve.invoke(StandardWrapperValve.java:165) ~[tomcat-embed-core-10.1.50.jar:10.1.50]
	at org.apache.catalina.core.StandardContextValve.invoke(StandardContextValve.java:88) ~[tomcat-embed-core-10.1.50.jar:10.1.50]
	at org.apache.catalina.authenticator.AuthenticatorBase.invoke(AuthenticatorBase.java:482) ~[tomcat-embed-core-10.1.50.jar:10.1.50]
	at org.apache.catalina.core.StandardHostValve.invoke(StandardHostValve.java:113) ~[tomcat-embed-core-10.1.50.jar:10.1.50]
	at org.apache.catalina.valves.ErrorReportValve.invoke(ErrorReportValve.java:83) ~[tomcat-embed-core-10.1.50.jar:10.1.50]
	at org.apache.catalina.core.StandardEngineValve.invoke(StandardEngineValve.java:72) ~[tomcat-embed-core-10.1.50.jar:10.1.50]
	at org.apache.catalina.connector.CoyoteAdapter.service(CoyoteAdapter.java:342) ~[tomcat-embed-core-10.1.50.jar:10.1.50]
	at org.apache.coyote.http11.Http11Processor.service(Http11Processor.java:399) ~[tomcat-embed-core-10.1.50.jar:10.1.50]
	at org.apache.coyote.AbstractProcessorLight.process(AbstractProcessorLight.java:63) ~[tomcat-embed-core-10.1.50.jar:10.1.50]
	at org.apache.coyote.AbstractProtocol$ConnectionHandler.process(AbstractProtocol.java:903) ~[tomcat-embed-core-10.1.50.jar:10.1.50]
	at org.apache.tomcat.util.net.NioEndpoint$SocketProcessor.doRun(NioEndpoint.java:1774) ~[tomcat-embed-core-10.1.50.jar:10.1.50]
	at org.apache.tomcat.util.net.SocketProcessorBase.run(SocketProcessorBase.java:52) ~[tomcat-embed-core-10.1.50.jar:10.1.50]
	at org.apache.tomcat.util.threads.ThreadPoolExecutor.runWorker(ThreadPoolExecutor.java:973) ~[tomcat-embed-core-10.1.50.jar:10.1.50]
	at org.apache.tomcat.util.threads.ThreadPoolExecutor$Worker.run(ThreadPoolExecutor.java:491) ~[tomcat-embed-core-10.1.50.jar:10.1.50]
	at org.apache.tomcat.util.threads.TaskThread$WrappingRunnable.run(TaskThread.java:63) ~[tomcat-embed-core-10.1.50.jar:10.1.50]
	at java.base/java.lang.Thread.run(Thread.java:1583) ~[na:na]

2026-02-06T00:40:48.275+09:00  INFO 1428 --- [home-repair] [http-nio-8080-exec-9] c.l.h.service.VerdictEngineService       : SAFETY_FLIP Eligibility | era=PRE_1950 metro=AMARILLO_TX eligible=true missing=[]
2026-02-06T00:40:48.276+09:00  INFO 1428 --- [home-repair] [http-nio-8080-exec-9] c.l.h.service.VerdictEngineService       : Strategy Selected | chosen=SAFETY_FLIP era=PRE_1950 metro=AMARILLO_TX relationship=BUYING
2026-02-06T00:40:48.317+09:00 DEBUG 1428 --- [home-repair] [http-nio-8080-exec-10] c.l.h.web.HomeRepairController           : Loading result for ID: cf433e05-a626-4552-a9aa-ba98ab2694f5
2026-02-06T00:40:48.318+09:00  INFO 1428 --- [home-repair] [http-nio-8080-exec-10] c.l.h.service.VerdictEngineService       : SAFETY_FLIP Eligibility | era=PRE_1950 metro=AMARILLO_TX eligible=true missing=[]
2026-02-06T00:40:48.318+09:00  INFO 1428 --- [home-repair] [http-nio-8080-exec-10] c.l.h.service.VerdictEngineService       : Strategy Selected | chosen=SAFETY_FLIP era=PRE_1950 metro=AMARILLO_TX relationship=BUYING
2026-02-06T00:40:49.604+09:00 ERROR 1428 --- [home-repair] [http-nio-8080-exec-10] o.a.c.c.C.[.[.[/].[dispatcherServlet]    : Servlet.service() for servlet [dispatcherServlet] in context with path [] threw exception [Request processing failed: gg.jte.TemplateException: Failed to compile template, error at pages/result.jte:282
C:\Development\Owner\home-repair\jte-classes\gg\jte\generated\ondemand\pages\JteresultGenerated.java:210: error: cannot find symbol
				if (verdict.getComparisonData() != null && verdict.getComparisonData().getCostDelta() > 0) {
				           ^
  symbol:   method getComparisonData()
  location: variable verdict of type Verdict
C:\Development\Owner\home-repair\jte-classes\gg\jte\generated\ondemand\pages\JteresultGenerated.java:210: error: cannot find symbol
				if (verdict.getComparisonData() != null && verdict.getComparisonData().getCostDelta() > 0) {
				                                                  ^
  symbol:   method getComparisonData()
  location: variable verdict of type Verdict
C:\Development\Owner\home-repair\jte-classes\gg\jte\generated\ondemand\pages\JteresultGenerated.java:213: error: cannot find symbol
					jteOutput.writeUserContent(String.format("%.0f", verdict.getComparisonData().getDeltaPercentage()));
					                                                        ^
  symbol:   method getComparisonData()
  location: variable verdict of type Verdict
C:\Development\Owner\home-repair\jte-classes\gg\jte\generated\ondemand\pages\JteresultGenerated.java:219: error: cannot find symbol
					jteOutput.writeUserContent(String.format("%,.0f", verdict.getComparisonData().getCostDelta()));
					                                                         ^
  symbol:   method getComparisonData()
  location: variable verdict of type Verdict
C:\Development\Owner\home-repair\jte-classes\gg\jte\generated\ondemand\pages\JteresultGenerated.java:222: error: cannot find symbol
					jteOutput.writeUserContent(String.format("%,.0f", verdict.getComparisonData().getModernBenchmarkCost()));
					                                                         ^
  symbol:   method getComparisonData()
  location: variable verdict of type Verdict
C:\Development\Owner\home-repair\jte-classes\gg\jte\generated\ondemand\pages\JteresultGenerated.java:229: error: cannot find symbol
					jteOutput.writeUserContent(Math.min(100, verdict.getComparisonData().getDeltaPercentage()));
					                                                ^
  symbol:   method getComparisonData()
  location: variable verdict of type Verdict
6 errors
] with root cause

gg.jte.TemplateException: Failed to compile template, error at pages/result.jte:282
C:\Development\Owner\home-repair\jte-classes\gg\jte\generated\ondemand\pages\JteresultGenerated.java:210: error: cannot find symbol
				if (verdict.getComparisonData() != null && verdict.getComparisonData().getCostDelta() > 0) {
				           ^
  symbol:   method getComparisonData()
  location: variable verdict of type Verdict
C:\Development\Owner\home-repair\jte-classes\gg\jte\generated\ondemand\pages\JteresultGenerated.java:210: error: cannot find symbol
				if (verdict.getComparisonData() != null && verdict.getComparisonData().getCostDelta() > 0) {
				                                                  ^
  symbol:   method getComparisonData()
  location: variable verdict of type Verdict
C:\Development\Owner\home-repair\jte-classes\gg\jte\generated\ondemand\pages\JteresultGenerated.java:213: error: cannot find symbol
					jteOutput.writeUserContent(String.format("%.0f", verdict.getComparisonData().getDeltaPercentage()));
					                                                        ^
  symbol:   method getComparisonData()
  location: variable verdict of type Verdict
C:\Development\Owner\home-repair\jte-classes\gg\jte\generated\ondemand\pages\JteresultGenerated.java:219: error: cannot find symbol
					jteOutput.writeUserContent(String.format("%,.0f", verdict.getComparisonData().getCostDelta()));
					                                                         ^
  symbol:   method getComparisonData()
  location: variable verdict of type Verdict
C:\Development\Owner\home-repair\jte-classes\gg\jte\generated\ondemand\pages\JteresultGenerated.java:222: error: cannot find symbol
					jteOutput.writeUserContent(String.format("%,.0f", verdict.getComparisonData().getModernBenchmarkCost()));
					                                                         ^
  symbol:   method getComparisonData()
  location: variable verdict of type Verdict
C:\Development\Owner\home-repair\jte-classes\gg\jte\generated\ondemand\pages\JteresultGenerated.java:229: error: cannot find symbol
					jteOutput.writeUserContent(Math.min(100, verdict.getComparisonData().getDeltaPercentage()));
					                                                ^
  symbol:   method getComparisonData()
  location: variable verdict of type Verdict
6 errors

	at gg.jte.compiler.java.JavaClassCompiler.runCompiler(JavaClassCompiler.java:49) ~[jte-3.1.12.jar:na]
	at gg.jte.compiler.java.JavaClassCompiler.compile(JavaClassCompiler.java:38) ~[jte-3.1.12.jar:na]
	at gg.jte.compiler.TemplateCompiler.precompileClasses(TemplateCompiler.java:114) ~[jte-3.1.12.jar:na]
	at gg.jte.compiler.TemplateCompiler.precompile(TemplateCompiler.java:94) ~[jte-3.1.12.jar:na]
	at gg.jte.compiler.TemplateCompiler.load(TemplateCompiler.java:50) ~[jte-3.1.12.jar:na]
	at gg.jte.TemplateEngine.lambda$resolveTemplateOnDemand$0(TemplateEngine.java:354) ~[jte-runtime-3.1.12.jar:na]
	at java.base/java.util.concurrent.ConcurrentHashMap.compute(ConcurrentHashMap.java:1916) ~[na:na]
	at gg.jte.TemplateEngine.resolveTemplateOnDemand(TemplateEngine.java:347) ~[jte-runtime-3.1.12.jar:na]
	at gg.jte.TemplateEngine.resolveTemplate(TemplateEngine.java:337) ~[jte-runtime-3.1.12.jar:na]
	at gg.jte.TemplateEngine.render(TemplateEngine.java:228) ~[jte-runtime-3.1.12.jar:na]
	at gg.jte.springframework.boot.autoconfigure.JteView.renderMergedTemplateModel(JteView.java:31) ~[jte-spring-boot-starter-3-3.1.12.jar:na]
	at org.springframework.web.servlet.view.AbstractTemplateView.renderMergedOutputModel(AbstractTemplateView.java:181) ~[spring-webmvc-6.2.15.jar:6.2.15]
	at org.springframework.web.servlet.view.AbstractView.render(AbstractView.java:314) ~[spring-webmvc-6.2.15.jar:6.2.15]
	at org.springframework.web.servlet.DispatcherServlet.render(DispatcherServlet.java:1438) ~[spring-webmvc-6.2.15.jar:6.2.15]
	at org.springframework.web.servlet.DispatcherServlet.processDispatchResult(DispatcherServlet.java:1168) ~[spring-webmvc-6.2.15.jar:6.2.15]
	at org.springframework.web.servlet.DispatcherServlet.doDispatch(DispatcherServlet.java:1106) ~[spring-webmvc-6.2.15.jar:6.2.15]
	at org.springframework.web.servlet.DispatcherServlet.doService(DispatcherServlet.java:979) ~[spring-webmvc-6.2.15.jar:6.2.15]
	at org.springframework.web.servlet.FrameworkServlet.processRequest(FrameworkServlet.java:1014) ~[spring-webmvc-6.2.15.jar:6.2.15]
	at org.springframework.web.servlet.FrameworkServlet.doGet(FrameworkServlet.java:903) ~[spring-webmvc-6.2.15.jar:6.2.15]
	at jakarta.servlet.http.HttpServlet.service(HttpServlet.java:564) ~[tomcat-embed-core-10.1.50.jar:6.0]
	at org.springframework.web.servlet.FrameworkServlet.service(FrameworkServlet.java:885) ~[spring-webmvc-6.2.15.jar:6.2.15]
	at jakarta.servlet.http.HttpServlet.service(HttpServlet.java:658) ~[tomcat-embed-core-10.1.50.jar:6.0]
	at org.apache.catalina.core.ApplicationFilterChain.internalDoFilter(ApplicationFilterChain.java:193) ~[tomcat-embed-core-10.1.50.jar:10.1.50]
	at org.apache.catalina.core.ApplicationFilterChain.doFilter(ApplicationFilterChain.java:138) ~[tomcat-embed-core-10.1.50.jar:10.1.50]
	at org.apache.tomcat.websocket.server.WsFilter.doFilter(WsFilter.java:51) ~[tomcat-embed-websocket-10.1.50.jar:10.1.50]
	at org.apache.catalina.core.ApplicationFilterChain.internalDoFilter(ApplicationFilterChain.java:162) ~[tomcat-embed-core-10.1.50.jar:10.1.50]
	at org.apache.catalina.core.ApplicationFilterChain.doFilter(ApplicationFilterChain.java:138) ~[tomcat-embed-core-10.1.50.jar:10.1.50]
	at org.springframework.web.filter.RequestContextFilter.doFilterInternal(RequestContextFilter.java:100) ~[spring-web-6.2.15.jar:6.2.15]
	at org.springframework.web.filter.OncePerRequestFilter.doFilter(OncePerRequestFilter.java:116) ~[spring-web-6.2.15.jar:6.2.15]
	at org.apache.catalina.core.ApplicationFilterChain.internalDoFilter(ApplicationFilterChain.java:162) ~[tomcat-embed-core-10.1.50.jar:10.1.50]
	at org.apache.catalina.core.ApplicationFilterChain.doFilter(ApplicationFilterChain.java:138) ~[tomcat-embed-core-10.1.50.jar:10.1.50]
	at org.springframework.web.filter.FormContentFilter.doFilterInternal(FormContentFilter.java:93) ~[spring-web-6.2.15.jar:6.2.15]
	at org.springframework.web.filter.OncePerRequestFilter.doFilter(OncePerRequestFilter.java:116) ~[spring-web-6.2.15.jar:6.2.15]
	at org.apache.catalina.core.ApplicationFilterChain.internalDoFilter(ApplicationFilterChain.java:162) ~[tomcat-embed-core-10.1.50.jar:10.1.50]
	at org.apache.catalina.core.ApplicationFilterChain.doFilter(ApplicationFilterChain.java:138) ~[tomcat-embed-core-10.1.50.jar:10.1.50]
	at org.springframework.web.filter.CharacterEncodingFilter.doFilterInternal(CharacterEncodingFilter.java:201) ~[spring-web-6.2.15.jar:6.2.15]
	at org.springframework.web.filter.OncePerRequestFilter.doFilter(OncePerRequestFilter.java:116) ~[spring-web-6.2.15.jar:6.2.15]
	at org.apache.catalina.core.ApplicationFilterChain.internalDoFilter(ApplicationFilterChain.java:162) ~[tomcat-embed-core-10.1.50.jar:10.1.50]
	at org.apache.catalina.core.ApplicationFilterChain.doFilter(ApplicationFilterChain.java:138) ~[tomcat-embed-core-10.1.50.jar:10.1.50]
	at org.apache.catalina.core.StandardWrapperValve.invoke(StandardWrapperValve.java:165) ~[tomcat-embed-core-10.1.50.jar:10.1.50]
	at org.apache.catalina.core.StandardContextValve.invoke(StandardContextValve.java:88) ~[tomcat-embed-core-10.1.50.jar:10.1.50]
	at org.apache.catalina.authenticator.AuthenticatorBase.invoke(AuthenticatorBase.java:482) ~[tomcat-embed-core-10.1.50.jar:10.1.50]
	at org.apache.catalina.core.StandardHostValve.invoke(StandardHostValve.java:113) ~[tomcat-embed-core-10.1.50.jar:10.1.50]
	at org.apache.catalina.valves.ErrorReportValve.invoke(ErrorReportValve.java:83) ~[tomcat-embed-core-10.1.50.jar:10.1.50]
	at org.apache.catalina.core.StandardEngineValve.invoke(StandardEngineValve.java:72) ~[tomcat-embed-core-10.1.50.jar:10.1.50]
	at org.apache.catalina.connector.CoyoteAdapter.service(CoyoteAdapter.java:342) ~[tomcat-embed-core-10.1.50.jar:10.1.50]
	at org.apache.coyote.http11.Http11Processor.service(Http11Processor.java:399) ~[tomcat-embed-core-10.1.50.jar:10.1.50]
	at org.apache.coyote.AbstractProcessorLight.process(AbstractProcessorLight.java:63) ~[tomcat-embed-core-10.1.50.jar:10.1.50]
	at org.apache.coyote.AbstractProtocol$ConnectionHandler.process(AbstractProtocol.java:903) ~[tomcat-embed-core-10.1.50.jar:10.1.50]
	at org.apache.tomcat.util.net.NioEndpoint$SocketProcessor.doRun(NioEndpoint.java:1774) ~[tomcat-embed-core-10.1.50.jar:10.1.50]
	at org.apache.tomcat.util.net.SocketProcessorBase.run(SocketProcessorBase.java:52) ~[tomcat-embed-core-10.1.50.jar:10.1.50]
	at org.apache.tomcat.util.threads.ThreadPoolExecutor.runWorker(ThreadPoolExecutor.java:973) ~[tomcat-embed-core-10.1.50.jar:10.1.50]
	at org.apache.tomcat.util.threads.ThreadPoolExecutor$Worker.run(ThreadPoolExecutor.java:491) ~[tomcat-embed-core-10.1.50.jar:10.1.50]
	at org.apache.tomcat.util.threads.TaskThread$WrappingRunnable.run(TaskThread.java:63) ~[tomcat-embed-core-10.1.50.jar:10.1.50]
	at java.base/java.lang.Thread.run(Thread.java:1583) ~[na:na]

2026-02-06T00:53:19.320+09:00  INFO 1428 --- [home-repair] [http-nio-8080-exec-9] c.l.h.service.VerdictEngineService       : SAFETY_FLIP Eligibility | era=PRE_1950 metro=ABILENE_TX eligible=true missing=[]
2026-02-06T00:53:19.361+09:00  INFO 1428 --- [home-repair] [http-nio-8080-exec-9] c.l.h.service.VerdictEngineService       : Strategy Selected | chosen=STANDARD_LIVING era=PRE_1950 metro=ABILENE_TX relationship=LIVING
2026-02-06T00:53:19.425+09:00 DEBUG 1428 --- [home-repair] [http-nio-8080-exec-10] c.l.h.web.HomeRepairController           : Loading result for ID: 68b676ef-b61b-4b08-881e-3e95ab79a4a6
2026-02-06T00:53:19.425+09:00  INFO 1428 --- [home-repair] [http-nio-8080-exec-10] c.l.h.service.VerdictEngineService       : SAFETY_FLIP Eligibility | era=PRE_1950 metro=ABILENE_TX eligible=true missing=[]
2026-02-06T00:53:19.426+09:00  INFO 1428 --- [home-repair] [http-nio-8080-exec-10] c.l.h.service.VerdictEngineService       : Strategy Selected | chosen=STANDARD_LIVING era=PRE_1950 metro=ABILENE_TX relationship=LIVING
2026-02-06T00:53:19.452+09:00 ERROR 1428 --- [home-repair] [http-nio-8080-exec-10] o.a.c.c.C.[.[.[/].[dispatcherServlet]    : Servlet.service() for servlet [dispatcherServlet] in context with path [] threw exception [Request processing failed: gg.jte.TemplateException: Failed to compile pages/result.jte, error at line 369: Unclosed tag <div>, expected </div>, got </section>.] with root cause

gg.jte.TemplateException: Failed to compile pages/result.jte, error at line 369: Unclosed tag <div>, expected </div>, got </section>.
	at gg.jte.compiler.java.JavaCodeGenerator.onError(JavaCodeGenerator.java:227) ~[jte-3.1.12.jar:na]
	at gg.jte.compiler.TemplateParser.interceptHtmlTags(TemplateParser.java:754) ~[jte-3.1.12.jar:na]
	at gg.jte.compiler.TemplateParser.doParse(TemplateParser.java:340) ~[jte-3.1.12.jar:na]
	at gg.jte.compiler.TemplateParser.parse(TemplateParser.java:85) ~[jte-3.1.12.jar:na]
	at gg.jte.compiler.java.JavaCodeGenerator$JavaContentProcessor.onContentBlock(JavaCodeGenerator.java:609) ~[jte-3.1.12.jar:na]
	at gg.jte.compiler.ContentProcessor.handleContentBlock(ContentProcessor.java:69) ~[jte-3.1.12.jar:na]
	at gg.jte.compiler.ContentProcessor.process(ContentProcessor.java:40) ~[jte-3.1.12.jar:na]
	at gg.jte.compiler.java.JavaCodeGenerator.writeJavaCodeWithContentSupport(JavaCodeGenerator.java:485) ~[jte-3.1.12.jar:na]
	at gg.jte.compiler.java.JavaCodeGenerator.appendParam(JavaCodeGenerator.java:548) ~[jte-3.1.12.jar:na]
	at gg.jte.compiler.java.JavaCodeGenerator.appendParams(JavaCodeGenerator.java:536) ~[jte-3.1.12.jar:na]
	at gg.jte.compiler.java.JavaCodeGenerator.onTemplateCall(JavaCodeGenerator.java:430) ~[jte-3.1.12.jar:na]
	at gg.jte.compiler.TemplateParser.lambda$doParse$3(TemplateParser.java:251) ~[jte-3.1.12.jar:na]
	at gg.jte.compiler.TemplateParser.extract(TemplateParser.java:967) ~[jte-3.1.12.jar:na]
	at gg.jte.compiler.TemplateParser.doParse(TemplateParser.java:251) ~[jte-3.1.12.jar:na]
	at gg.jte.compiler.TemplateParser.parse(TemplateParser.java:85) ~[jte-3.1.12.jar:na]
	at gg.jte.compiler.TemplateParser.parse(TemplateParser.java:80) ~[jte-3.1.12.jar:na]
	at gg.jte.compiler.TemplateCompiler.generateTemplateCall(TemplateCompiler.java:265) ~[jte-3.1.12.jar:na]
	at gg.jte.compiler.TemplateCompiler.generate(TemplateCompiler.java:169) ~[jte-3.1.12.jar:na]
	at gg.jte.compiler.TemplateCompiler.precompile(TemplateCompiler.java:93) ~[jte-3.1.12.jar:na]
	at gg.jte.compiler.TemplateCompiler.load(TemplateCompiler.java:50) ~[jte-3.1.12.jar:na]
	at gg.jte.TemplateEngine.lambda$resolveTemplateOnDemand$0(TemplateEngine.java:354) ~[jte-runtime-3.1.12.jar:na]
	at java.base/java.util.concurrent.ConcurrentHashMap.compute(ConcurrentHashMap.java:1916) ~[na:na]
	at gg.jte.TemplateEngine.resolveTemplateOnDemand(TemplateEngine.java:347) ~[jte-runtime-3.1.12.jar:na]
	at gg.jte.TemplateEngine.resolveTemplate(TemplateEngine.java:337) ~[jte-runtime-3.1.12.jar:na]
	at gg.jte.TemplateEngine.render(TemplateEngine.java:228) ~[jte-runtime-3.1.12.jar:na]
	at gg.jte.springframework.boot.autoconfigure.JteView.renderMergedTemplateModel(JteView.java:31) ~[jte-spring-boot-starter-3-3.1.12.jar:na]
	at org.springframework.web.servlet.view.AbstractTemplateView.renderMergedOutputModel(AbstractTemplateView.java:181) ~[spring-webmvc-6.2.15.jar:6.2.15]
	at org.springframework.web.servlet.view.AbstractView.render(AbstractView.java:314) ~[spring-webmvc-6.2.15.jar:6.2.15]
	at org.springframework.web.servlet.DispatcherServlet.render(DispatcherServlet.java:1438) ~[spring-webmvc-6.2.15.jar:6.2.15]
	at org.springframework.web.servlet.DispatcherServlet.processDispatchResult(DispatcherServlet.java:1168) ~[spring-webmvc-6.2.15.jar:6.2.15]
	at org.springframework.web.servlet.DispatcherServlet.doDispatch(DispatcherServlet.java:1106) ~[spring-webmvc-6.2.15.jar:6.2.15]
	at org.springframework.web.servlet.DispatcherServlet.doService(DispatcherServlet.java:979) ~[spring-webmvc-6.2.15.jar:6.2.15]
	at org.springframework.web.servlet.FrameworkServlet.processRequest(FrameworkServlet.java:1014) ~[spring-webmvc-6.2.15.jar:6.2.15]
	at org.springframework.web.servlet.FrameworkServlet.doGet(FrameworkServlet.java:903) ~[spring-webmvc-6.2.15.jar:6.2.15]
	at jakarta.servlet.http.HttpServlet.service(HttpServlet.java:564) ~[tomcat-embed-core-10.1.50.jar:6.0]
	at org.springframework.web.servlet.FrameworkServlet.service(FrameworkServlet.java:885) ~[spring-webmvc-6.2.15.jar:6.2.15]
	at jakarta.servlet.http.HttpServlet.service(HttpServlet.java:658) ~[tomcat-embed-core-10.1.50.jar:6.0]
	at org.apache.catalina.core.ApplicationFilterChain.internalDoFilter(ApplicationFilterChain.java:193) ~[tomcat-embed-core-10.1.50.jar:10.1.50]
	at org.apache.catalina.core.ApplicationFilterChain.doFilter(ApplicationFilterChain.java:138) ~[tomcat-embed-core-10.1.50.jar:10.1.50]
	at org.apache.tomcat.websocket.server.WsFilter.doFilter(WsFilter.java:51) ~[tomcat-embed-websocket-10.1.50.jar:10.1.50]
	at org.apache.catalina.core.ApplicationFilterChain.internalDoFilter(ApplicationFilterChain.java:162) ~[tomcat-embed-core-10.1.50.jar:10.1.50]
	at org.apache.catalina.core.ApplicationFilterChain.doFilter(ApplicationFilterChain.java:138) ~[tomcat-embed-core-10.1.50.jar:10.1.50]
	at org.springframework.web.filter.RequestContextFilter.doFilterInternal(RequestContextFilter.java:100) ~[spring-web-6.2.15.jar:6.2.15]
	at org.springframework.web.filter.OncePerRequestFilter.doFilter(OncePerRequestFilter.java:116) ~[spring-web-6.2.15.jar:6.2.15]
	at org.apache.catalina.core.ApplicationFilterChain.internalDoFilter(ApplicationFilterChain.java:162) ~[tomcat-embed-core-10.1.50.jar:10.1.50]
	at org.apache.catalina.core.ApplicationFilterChain.doFilter(ApplicationFilterChain.java:138) ~[tomcat-embed-core-10.1.50.jar:10.1.50]
	at org.springframework.web.filter.FormContentFilter.doFilterInternal(FormContentFilter.java:93) ~[spring-web-6.2.15.jar:6.2.15]
	at org.springframework.web.filter.OncePerRequestFilter.doFilter(OncePerRequestFilter.java:116) ~[spring-web-6.2.15.jar:6.2.15]
	at org.apache.catalina.core.ApplicationFilterChain.internalDoFilter(ApplicationFilterChain.java:162) ~[tomcat-embed-core-10.1.50.jar:10.1.50]
	at org.apache.catalina.core.ApplicationFilterChain.doFilter(ApplicationFilterChain.java:138) ~[tomcat-embed-core-10.1.50.jar:10.1.50]
	at org.springframework.web.filter.CharacterEncodingFilter.doFilterInternal(CharacterEncodingFilter.java:201) ~[spring-web-6.2.15.jar:6.2.15]
	at org.springframework.web.filter.OncePerRequestFilter.doFilter(OncePerRequestFilter.java:116) ~[spring-web-6.2.15.jar:6.2.15]
	at org.apache.catalina.core.ApplicationFilterChain.internalDoFilter(ApplicationFilterChain.java:162) ~[tomcat-embed-core-10.1.50.jar:10.1.50]
	at org.apache.catalina.core.ApplicationFilterChain.doFilter(ApplicationFilterChain.java:138) ~[tomcat-embed-core-10.1.50.jar:10.1.50]
	at org.apache.catalina.core.StandardWrapperValve.invoke(StandardWrapperValve.java:165) ~[tomcat-embed-core-10.1.50.jar:10.1.50]
	at org.apache.catalina.core.StandardContextValve.invoke(StandardContextValve.java:88) ~[tomcat-embed-core-10.1.50.jar:10.1.50]
	at org.apache.catalina.authenticator.AuthenticatorBase.invoke(AuthenticatorBase.java:482) ~[tomcat-embed-core-10.1.50.jar:10.1.50]
	at org.apache.catalina.core.StandardHostValve.invoke(StandardHostValve.java:113) ~[tomcat-embed-core-10.1.50.jar:10.1.50]
	at org.apache.catalina.valves.ErrorReportValve.invoke(ErrorReportValve.java:83) ~[tomcat-embed-core-10.1.50.jar:10.1.50]
	at org.apache.catalina.core.StandardEngineValve.invoke(StandardEngineValve.java:72) ~[tomcat-embed-core-10.1.50.jar:10.1.50]
	at org.apache.catalina.connector.CoyoteAdapter.service(CoyoteAdapter.java:342) ~[tomcat-embed-core-10.1.50.jar:10.1.50]
	at org.apache.coyote.http11.Http11Processor.service(Http11Processor.java:399) ~[tomcat-embed-core-10.1.50.jar:10.1.50]
	at org.apache.coyote.AbstractProcessorLight.process(AbstractProcessorLight.java:63) ~[tomcat-embed-core-10.1.50.jar:10.1.50]
	at org.apache.coyote.AbstractProtocol$ConnectionHandler.process(AbstractProtocol.java:903) ~[tomcat-embed-core-10.1.50.jar:10.1.50]
	at org.apache.tomcat.util.net.NioEndpoint$SocketProcessor.doRun(NioEndpoint.java:1774) ~[tomcat-embed-core-10.1.50.jar:10.1.50]
	at org.apache.tomcat.util.net.SocketProcessorBase.run(SocketProcessorBase.java:52) ~[tomcat-embed-core-10.1.50.jar:10.1.50]
	at org.apache.tomcat.util.threads.ThreadPoolExecutor.runWorker(ThreadPoolExecutor.java:973) ~[tomcat-embed-core-10.1.50.jar:10.1.50]
	at org.apache.tomcat.util.threads.ThreadPoolExecutor$Worker.run(ThreadPoolExecutor.java:491) ~[tomcat-embed-core-10.1.50.jar:10.1.50]
	at org.apache.tomcat.util.threads.TaskThread$WrappingRunnable.run(TaskThread.java:63) ~[tomcat-embed-core-10.1.50.jar:10.1.50]
	at java.base/java.lang.Thread.run(Thread.java:1583) ~[na:na]

2026-02-06T00:57:18.418+09:00  INFO 1428 --- [home-repair] [http-nio-8080-exec-6] c.l.h.service.VerdictEngineService       : SAFETY_FLIP Eligibility | era=2000 metro=25000 eligible=false missing=[criticalRisks for era 2000, metro localization data for 25000]
2026-02-06T00:57:18.421+09:00  WARN 1428 --- [home-repair] [http-nio-8080-exec-6] c.l.h.service.VerdictEngineService       : INSUFFICIENT_DATA verdict | era=2000 metro=25000 allMissing=[metro localization data for 25000, criticalRisks for era 2000]
2026-02-06T00:57:18.434+09:00 DEBUG 1428 --- [home-repair] [http-nio-8080-exec-9] c.l.h.web.HomeRepairController           : Loading result for ID: 696c9b6d-3c19-437e-a158-574f8b6381b0
2026-02-06T00:57:18.434+09:00  INFO 1428 --- [home-repair] [http-nio-8080-exec-9] c.l.h.service.VerdictEngineService       : SAFETY_FLIP Eligibility | era=2000 metro=25000 eligible=false missing=[criticalRisks for era 2000, metro localization data for 25000]
2026-02-06T00:57:18.435+09:00  WARN 1428 --- [home-repair] [http-nio-8080-exec-9] c.l.h.service.VerdictEngineService       : INSUFFICIENT_DATA verdict | era=2000 metro=25000 allMissing=[metro localization data for 25000, criticalRisks for era 2000]
2026-02-06T00:57:18.453+09:00 ERROR 1428 --- [home-repair] [http-nio-8080-exec-9] o.a.c.c.C.[.[.[/].[dispatcherServlet]    : Servlet.service() for servlet [dispatcherServlet] in context with path [] threw exception [Request processing failed: gg.jte.TemplateException: Failed to compile pages/result.jte, error at line 369: Unclosed tag <div>, expected </div>, got </section>.] with root cause

gg.jte.TemplateException: Failed to compile pages/result.jte, error at line 369: Unclosed tag <div>, expected </div>, got </section>.
	at gg.jte.compiler.java.JavaCodeGenerator.onError(JavaCodeGenerator.java:227) ~[jte-3.1.12.jar:na]
	at gg.jte.compiler.TemplateParser.interceptHtmlTags(TemplateParser.java:754) ~[jte-3.1.12.jar:na]
	at gg.jte.compiler.TemplateParser.doParse(TemplateParser.java:340) ~[jte-3.1.12.jar:na]
	at gg.jte.compiler.TemplateParser.parse(TemplateParser.java:85) ~[jte-3.1.12.jar:na]
	at gg.jte.compiler.java.JavaCodeGenerator$JavaContentProcessor.onContentBlock(JavaCodeGenerator.java:609) ~[jte-3.1.12.jar:na]
	at gg.jte.compiler.ContentProcessor.handleContentBlock(ContentProcessor.java:69) ~[jte-3.1.12.jar:na]
	at gg.jte.compiler.ContentProcessor.process(ContentProcessor.java:40) ~[jte-3.1.12.jar:na]
	at gg.jte.compiler.java.JavaCodeGenerator.writeJavaCodeWithContentSupport(JavaCodeGenerator.java:485) ~[jte-3.1.12.jar:na]
	at gg.jte.compiler.java.JavaCodeGenerator.appendParam(JavaCodeGenerator.java:548) ~[jte-3.1.12.jar:na]
	at gg.jte.compiler.java.JavaCodeGenerator.appendParams(JavaCodeGenerator.java:536) ~[jte-3.1.12.jar:na]
	at gg.jte.compiler.java.JavaCodeGenerator.onTemplateCall(JavaCodeGenerator.java:430) ~[jte-3.1.12.jar:na]
	at gg.jte.compiler.TemplateParser.lambda$doParse$3(TemplateParser.java:251) ~[jte-3.1.12.jar:na]
	at gg.jte.compiler.TemplateParser.extract(TemplateParser.java:967) ~[jte-3.1.12.jar:na]
	at gg.jte.compiler.TemplateParser.doParse(TemplateParser.java:251) ~[jte-3.1.12.jar:na]
	at gg.jte.compiler.TemplateParser.parse(TemplateParser.java:85) ~[jte-3.1.12.jar:na]
	at gg.jte.compiler.TemplateParser.parse(TemplateParser.java:80) ~[jte-3.1.12.jar:na]
	at gg.jte.compiler.TemplateCompiler.generateTemplateCall(TemplateCompiler.java:265) ~[jte-3.1.12.jar:na]
	at gg.jte.compiler.TemplateCompiler.generate(TemplateCompiler.java:169) ~[jte-3.1.12.jar:na]
	at gg.jte.compiler.TemplateCompiler.precompile(TemplateCompiler.java:93) ~[jte-3.1.12.jar:na]
	at gg.jte.compiler.TemplateCompiler.load(TemplateCompiler.java:50) ~[jte-3.1.12.jar:na]
	at gg.jte.TemplateEngine.lambda$resolveTemplateOnDemand$0(TemplateEngine.java:354) ~[jte-runtime-3.1.12.jar:na]
	at java.base/java.util.concurrent.ConcurrentHashMap.compute(ConcurrentHashMap.java:1916) ~[na:na]
	at gg.jte.TemplateEngine.resolveTemplateOnDemand(TemplateEngine.java:347) ~[jte-runtime-3.1.12.jar:na]
	at gg.jte.TemplateEngine.resolveTemplate(TemplateEngine.java:337) ~[jte-runtime-3.1.12.jar:na]
	at gg.jte.TemplateEngine.render(TemplateEngine.java:228) ~[jte-runtime-3.1.12.jar:na]
	at gg.jte.springframework.boot.autoconfigure.JteView.renderMergedTemplateModel(JteView.java:31) ~[jte-spring-boot-starter-3-3.1.12.jar:na]
	at org.springframework.web.servlet.view.AbstractTemplateView.renderMergedOutputModel(AbstractTemplateView.java:181) ~[spring-webmvc-6.2.15.jar:6.2.15]
	at org.springframework.web.servlet.view.AbstractView.render(AbstractView.java:314) ~[spring-webmvc-6.2.15.jar:6.2.15]
	at org.springframework.web.servlet.DispatcherServlet.render(DispatcherServlet.java:1438) ~[spring-webmvc-6.2.15.jar:6.2.15]
	at org.springframework.web.servlet.DispatcherServlet.processDispatchResult(DispatcherServlet.java:1168) ~[spring-webmvc-6.2.15.jar:6.2.15]
	at org.springframework.web.servlet.DispatcherServlet.doDispatch(DispatcherServlet.java:1106) ~[spring-webmvc-6.2.15.jar:6.2.15]
	at org.springframework.web.servlet.DispatcherServlet.doService(DispatcherServlet.java:979) ~[spring-webmvc-6.2.15.jar:6.2.15]
	at org.springframework.web.servlet.FrameworkServlet.processRequest(FrameworkServlet.java:1014) ~[spring-webmvc-6.2.15.jar:6.2.15]
	at org.springframework.web.servlet.FrameworkServlet.doGet(FrameworkServlet.java:903) ~[spring-webmvc-6.2.15.jar:6.2.15]
	at jakarta.servlet.http.HttpServlet.service(HttpServlet.java:564) ~[tomcat-embed-core-10.1.50.jar:6.0]
	at org.springframework.web.servlet.FrameworkServlet.service(FrameworkServlet.java:885) ~[spring-webmvc-6.2.15.jar:6.2.15]
	at jakarta.servlet.http.HttpServlet.service(HttpServlet.java:658) ~[tomcat-embed-core-10.1.50.jar:6.0]
	at org.apache.catalina.core.ApplicationFilterChain.internalDoFilter(ApplicationFilterChain.java:193) ~[tomcat-embed-core-10.1.50.jar:10.1.50]
	at org.apache.catalina.core.ApplicationFilterChain.doFilter(ApplicationFilterChain.java:138) ~[tomcat-embed-core-10.1.50.jar:10.1.50]
	at org.apache.tomcat.websocket.server.WsFilter.doFilter(WsFilter.java:51) ~[tomcat-embed-websocket-10.1.50.jar:10.1.50]
	at org.apache.catalina.core.ApplicationFilterChain.internalDoFilter(ApplicationFilterChain.java:162) ~[tomcat-embed-core-10.1.50.jar:10.1.50]
	at org.apache.catalina.core.ApplicationFilterChain.doFilter(ApplicationFilterChain.java:138) ~[tomcat-embed-core-10.1.50.jar:10.1.50]
	at org.springframework.web.filter.RequestContextFilter.doFilterInternal(RequestContextFilter.java:100) ~[spring-web-6.2.15.jar:6.2.15]
	at org.springframework.web.filter.OncePerRequestFilter.doFilter(OncePerRequestFilter.java:116) ~[spring-web-6.2.15.jar:6.2.15]
	at org.apache.catalina.core.ApplicationFilterChain.internalDoFilter(ApplicationFilterChain.java:162) ~[tomcat-embed-core-10.1.50.jar:10.1.50]
	at org.apache.catalina.core.ApplicationFilterChain.doFilter(ApplicationFilterChain.java:138) ~[tomcat-embed-core-10.1.50.jar:10.1.50]
	at org.springframework.web.filter.FormContentFilter.doFilterInternal(FormContentFilter.java:93) ~[spring-web-6.2.15.jar:6.2.15]
	at org.springframework.web.filter.OncePerRequestFilter.doFilter(OncePerRequestFilter.java:116) ~[spring-web-6.2.15.jar:6.2.15]
	at org.apache.catalina.core.ApplicationFilterChain.internalDoFilter(ApplicationFilterChain.java:162) ~[tomcat-embed-core-10.1.50.jar:10.1.50]
	at org.apache.catalina.core.ApplicationFilterChain.doFilter(ApplicationFilterChain.java:138) ~[tomcat-embed-core-10.1.50.jar:10.1.50]
	at org.springframework.web.filter.CharacterEncodingFilter.doFilterInternal(CharacterEncodingFilter.java:201) ~[spring-web-6.2.15.jar:6.2.15]
	at org.springframework.web.filter.OncePerRequestFilter.doFilter(OncePerRequestFilter.java:116) ~[spring-web-6.2.15.jar:6.2.15]
	at org.apache.catalina.core.ApplicationFilterChain.internalDoFilter(ApplicationFilterChain.java:162) ~[tomcat-embed-core-10.1.50.jar:10.1.50]
	at org.apache.catalina.core.ApplicationFilterChain.doFilter(ApplicationFilterChain.java:138) ~[tomcat-embed-core-10.1.50.jar:10.1.50]
	at org.apache.catalina.core.StandardWrapperValve.invoke(StandardWrapperValve.java:165) ~[tomcat-embed-core-10.1.50.jar:10.1.50]
	at org.apache.catalina.core.StandardContextValve.invoke(StandardContextValve.java:88) ~[tomcat-embed-core-10.1.50.jar:10.1.50]
	at org.apache.catalina.authenticator.AuthenticatorBase.invoke(AuthenticatorBase.java:482) ~[tomcat-embed-core-10.1.50.jar:10.1.50]
	at org.apache.catalina.core.StandardHostValve.invoke(StandardHostValve.java:113) ~[tomcat-embed-core-10.1.50.jar:10.1.50]
	at org.apache.catalina.valves.ErrorReportValve.invoke(ErrorReportValve.java:83) ~[tomcat-embed-core-10.1.50.jar:10.1.50]
	at org.apache.catalina.core.StandardEngineValve.invoke(StandardEngineValve.java:72) ~[tomcat-embed-core-10.1.50.jar:10.1.50]
	at org.apache.catalina.connector.CoyoteAdapter.service(CoyoteAdapter.java:342) ~[tomcat-embed-core-10.1.50.jar:10.1.50]
	at org.apache.coyote.http11.Http11Processor.service(Http11Processor.java:399) ~[tomcat-embed-core-10.1.50.jar:10.1.50]
	at org.apache.coyote.AbstractProcessorLight.process(AbstractProcessorLight.java:63) ~[tomcat-embed-core-10.1.50.jar:10.1.50]
	at org.apache.coyote.AbstractProtocol$ConnectionHandler.process(AbstractProtocol.java:903) ~[tomcat-embed-core-10.1.50.jar:10.1.50]
	at org.apache.tomcat.util.net.NioEndpoint$SocketProcessor.doRun(NioEndpoint.java:1774) ~[tomcat-embed-core-10.1.50.jar:10.1.50]
	at org.apache.tomcat.util.net.SocketProcessorBase.run(SocketProcessorBase.java:52) ~[tomcat-embed-core-10.1.50.jar:10.1.50]
	at org.apache.tomcat.util.threads.ThreadPoolExecutor.runWorker(ThreadPoolExecutor.java:973) ~[tomcat-embed-core-10.1.50.jar:10.1.50]
	at org.apache.tomcat.util.threads.ThreadPoolExecutor$Worker.run(ThreadPoolExecutor.java:491) ~[tomcat-embed-core-10.1.50.jar:10.1.50]
	at org.apache.tomcat.util.threads.TaskThread$WrappingRunnable.run(TaskThread.java:63) ~[tomcat-embed-core-10.1.50.jar:10.1.50]
	at java.base/java.lang.Thread.run(Thread.java:1583) ~[na:na]

